  D:\Github\jaar 4\SWA\FoxTrot_SA_Engine\Glitch\vendor\SDL2\lib\x64\libFLAC-8.dll
  D:\Github\jaar 4\SWA\FoxTrot_SA_Engine\Glitch\vendor\SDL2\lib\x64\libfreetype-6.dll
  D:\Github\jaar 4\SWA\FoxTrot_SA_Engine\Glitch\vendor\SDL2\lib\x64\libjpeg-9.dll
  D:\Github\jaar 4\SWA\FoxTrot_SA_Engine\Glitch\vendor\SDL2\lib\x64\libmodplug-1.dll
  D:\Github\jaar 4\SWA\FoxTrot_SA_Engine\Glitch\vendor\SDL2\lib\x64\libmpg123-0.dll
  D:\Github\jaar 4\SWA\FoxTrot_SA_Engine\Glitch\vendor\SDL2\lib\x64\libogg-0.dll
  D:\Github\jaar 4\SWA\FoxTrot_SA_Engine\Glitch\vendor\SDL2\lib\x64\libopus-0.dll
  D:\Github\jaar 4\SWA\FoxTrot_SA_Engine\Glitch\vendor\SDL2\lib\x64\libopusfile-0.dll
  D:\Github\jaar 4\SWA\FoxTrot_SA_Engine\Glitch\vendor\SDL2\lib\x64\libpng16-16.dll
  D:\Github\jaar 4\SWA\FoxTrot_SA_Engine\Glitch\vendor\SDL2\lib\x64\libtiff-5.dll
  D:\Github\jaar 4\SWA\FoxTrot_SA_Engine\Glitch\vendor\SDL2\lib\x64\libvorbis-0.dll
  D:\Github\jaar 4\SWA\FoxTrot_SA_Engine\Glitch\vendor\SDL2\lib\x64\libvorbisfile-3.dll
  D:\Github\jaar 4\SWA\FoxTrot_SA_Engine\Glitch\vendor\SDL2\lib\x64\libwebp-7.dll
  D:\Github\jaar 4\SWA\FoxTrot_SA_Engine\Glitch\vendor\SDL2\lib\x64\SDL2.dll
  D:\Github\jaar 4\SWA\FoxTrot_SA_Engine\Glitch\vendor\SDL2\lib\x64\SDL2_image.dll
  D:\Github\jaar 4\SWA\FoxTrot_SA_Engine\Glitch\vendor\SDL2\lib\x64\SDL2_mixer.dll
  D:\Github\jaar 4\SWA\FoxTrot_SA_Engine\Glitch\vendor\SDL2\lib\x64\SDL2_ttf.dll
  D:\Github\jaar 4\SWA\FoxTrot_SA_Engine\Glitch\vendor\SDL2\lib\x64\zlib1.dll
  18 File(s) copied
  D:\Github\jaar 4\SWA\FoxTrot_SA_Engine\bin\Debug-windows-x86_64\Glitch\Glitch.dll
  1 File(s) copied
  Game.cpp
D:\Github\jaar 4\SWA\FoxTrot_SA_Engine\Glitch\src\Glitch\Log\log.h(20,56): warning C4251: 'Glitch::Log::s_ClientLogger': class 'std::shared_ptr<spdlog::logger>' needs to have dll-interface to be used by clients of class 'Glitch::Log'
D:\Github\jaar 4\SWA\FoxTrot_SA_Engine\Glitch\vendor\spdlog\include\spdlog\details\registry.h(34): message : see declaration of 'std::shared_ptr<spdlog::logger>'
D:\Github\jaar 4\SWA\FoxTrot_SA_Engine\Glitch\src\Glitch\Log\log.h(21,54): warning C4251: 'Glitch::Log::s_CoreLogger': class 'std::shared_ptr<spdlog::logger>' needs to have dll-interface to be used by clients of class 'Glitch::Log'
D:\Github\jaar 4\SWA\FoxTrot_SA_Engine\Glitch\vendor\spdlog\include\spdlog\details\registry.h(34): message : see declaration of 'std::shared_ptr<spdlog::logger>'
D:\Github\jaar 4\SWA\FoxTrot_SA_Engine\Glitch\src\Glitch\Core\Object.h(62,14): warning C4251: 'Glitch::Object::name': class 'std::basic_string<char,std::char_traits<char>,std::allocator<char>>' needs to have dll-interface to be used by clients of class 'Glitch::Object'
C:\Program Files (x86)\Microsoft Visual Studio\2019\Community\VC\Tools\MSVC\14.27.29110\include\xstring(4564): message : see declaration of 'std::basic_string<char,std::char_traits<char>,std::allocator<char>>'
D:\Github\jaar 4\SWA\FoxTrot_SA_Engine\Glitch\src\Glitch\Facades\SDL2\SDL2Facade.h(12,2): warning C4275: non dll-interface class 'Glitch::ISDL2Facade' used as base for dll-interface class 'Glitch::SDL2Facade'
D:\Github\jaar 4\SWA\FoxTrot_SA_Engine\Glitch\src\Glitch\Facades\SDL2\ISDL2Facade.h(5): message : see declaration of 'Glitch::ISDL2Facade'
D:\Github\jaar 4\SWA\FoxTrot_SA_Engine\Glitch\src\Glitch\Facades\SDL2\SDL2Facade.h(11): message : see declaration of 'Glitch::SDL2Facade'
D:\Github\jaar 4\SWA\FoxTrot_SA_Engine\Glitch\src\Glitch\Facades\SDL2\SDL2Facade.h(38,46): warning C4251: 'Glitch::SDL2Facade::textureMap': class 'std::unordered_map<int,SDL_Texture *,std::hash<int>,std::equal_to<int>,std::allocator<std::pair<const int,SDL_Texture *>>>' needs to have dll-interface to be used by clients of class 'Glitch::SDL2Facade'
D:\Github\jaar 4\SWA\FoxTrot_SA_Engine\Glitch\src\Glitch\Facades\SDL2\SDL2Facade.h(38): message : see declaration of 'std::unordered_map<int,SDL_Texture *,std::hash<int>,std::equal_to<int>,std::allocator<std::pair<const int,SDL_Texture *>>>'
D:\Github\jaar 4\SWA\FoxTrot_SA_Engine\Glitch\src\Glitch\SceneManager\Scene.h(26,26): warning C4251: 'Glitch::Scene::objects': class 'std::vector<Glitch::Object *,std::allocator<Glitch::Object *>>' needs to have dll-interface to be used by clients of class 'Glitch::Scene'
D:\Github\jaar 4\SWA\FoxTrot_SA_Engine\Glitch\src\Glitch\SceneManager\Scene.h(22): message : see declaration of 'std::vector<Glitch::Object *,std::allocator<Glitch::Object *>>'
D:\Github\jaar 4\SWA\FoxTrot_SA_Engine\Glitch\src\Glitch\SceneManager\SceneManager.h(28,48): warning C4251: 'Glitch::SceneManager::pointerToCurrentObjectVector': class 'std::vector<Glitch::Object *,std::allocator<Glitch::Object *>>' needs to have dll-interface to be used by clients of class 'Glitch::SceneManager'
D:\Github\jaar 4\SWA\FoxTrot_SA_Engine\Glitch\src\Glitch\SceneManager\Scene.h(22): message : see declaration of 'std::vector<Glitch::Object *,std::allocator<Glitch::Object *>>'
D:\Github\jaar 4\SWA\FoxTrot_SA_Engine\Glitch\src\Glitch\SceneManager\SceneManager.h(39,25): warning C4251: 'Glitch::SceneManager::scenes': class 'std::vector<Glitch::Scene *,std::allocator<Glitch::Scene *>>' needs to have dll-interface to be used by clients of class 'Glitch::SceneManager'
D:\Github\jaar 4\SWA\FoxTrot_SA_Engine\Glitch\src\Glitch\SceneManager\SceneManager.h(39): message : see declaration of 'std::vector<Glitch::Scene *,std::allocator<Glitch::Scene *>>'
D:\Github\jaar 4\SWA\FoxTrot_SA_Engine\Glitch\src\Glitch\Core\Application.h(26,35): warning C4251: 'Glitch::Application::m_window': class 'std::unique_ptr<Glitch::Window,std::default_delete<Glitch::Window>>' needs to have dll-interface to be used by clients of class 'Glitch::Application'
D:\Github\jaar 4\SWA\FoxTrot_SA_Engine\Glitch\src\Glitch\Core\Application.h(26): message : see declaration of 'std::unique_ptr<Glitch::Window,std::default_delete<Glitch::Window>>'
D:\Github\jaar 4\SWA\FoxTrot_SA_Engine\Glitch\src\Glitch\Core\Object.cpp(5,25): warning C4273: 'Glitch::Object::Object': inconsistent dll linkage
D:\Github\jaar 4\SWA\FoxTrot_SA_Engine\Glitch\src\Glitch\Core\Object.h(11,3): message : see previous definition of '{ctor}'
D:\Github\jaar 4\SWA\FoxTrot_SA_Engine\Glitch\src\Glitch\Core\Object.cpp(15,108): warning C4273: 'Glitch::Object::Object': inconsistent dll linkage
D:\Github\jaar 4\SWA\FoxTrot_SA_Engine\Glitch\src\Glitch\Core\Object.h(12,3): message : see previous definition of '{ctor}'
D:\Github\jaar 4\SWA\FoxTrot_SA_Engine\Glitch\src\Glitch\Core\Object.cpp(21,2): warning C4273: 'Glitch::Object::~Object': inconsistent dll linkage
D:\Github\jaar 4\SWA\FoxTrot_SA_Engine\Glitch\src\Glitch\Core\Object.h(13,4): message : see previous definition of '{dtor}'
D:\Github\jaar 4\SWA\FoxTrot_SA_Engine\Glitch\src\Glitch\Core\Object.cpp(25,39): warning C4273: 'Glitch::Object::setName': inconsistent dll linkage
D:\Github\jaar 4\SWA\FoxTrot_SA_Engine\Glitch\src\Glitch\Core\Object.h(15,8): message : see previous definition of 'setName'
D:\Github\jaar 4\SWA\FoxTrot_SA_Engine\Glitch\src\Glitch\Core\Object.cpp(26,33): warning C4273: 'Glitch::Object::getName': inconsistent dll linkage
D:\Github\jaar 4\SWA\FoxTrot_SA_Engine\Glitch\src\Glitch\Core\Object.h(16,10): message : see previous definition of 'getName'
D:\Github\jaar 4\SWA\FoxTrot_SA_Engine\Glitch\src\Glitch\Core\Object.cpp(28,34): warning C4273: 'Glitch::Object::getSpriteID': inconsistent dll linkage
D:\Github\jaar 4\SWA\FoxTrot_SA_Engine\Glitch\src\Glitch\Core\Object.h(18,7): message : see previous definition of 'getSpriteID'
D:\Github\jaar 4\SWA\FoxTrot_SA_Engine\Glitch\src\Glitch\Core\Object.cpp(30,43): warning C4273: 'Glitch::Object::setPositionX': inconsistent dll linkage
D:\Github\jaar 4\SWA\FoxTrot_SA_Engine\Glitch\src\Glitch\Core\Object.h(20,8): message : see previous definition of 'setPositionX'
D:\Github\jaar 4\SWA\FoxTrot_SA_Engine\Glitch\src\Glitch\Core\Object.cpp(31,37): warning C4273: 'Glitch::Object::getPositionX': inconsistent dll linkage
D:\Github\jaar 4\SWA\FoxTrot_SA_Engine\Glitch\src\Glitch\Core\Object.h(21,9): message : see previous definition of 'getPositionX'
D:\Github\jaar 4\SWA\FoxTrot_SA_Engine\Glitch\src\Glitch\Core\Object.cpp(33,43): warning C4273: 'Glitch::Object::setPositionY': inconsistent dll linkage
D:\Github\jaar 4\SWA\FoxTrot_SA_Engine\Glitch\src\Glitch\Core\Object.h(23,8): message : see previous definition of 'setPositionY'
D:\Github\jaar 4\SWA\FoxTrot_SA_Engine\Glitch\src\Glitch\Core\Object.cpp(34,37): warning C4273: 'Glitch::Object::getPositionY': inconsistent dll linkage
D:\Github\jaar 4\SWA\FoxTrot_SA_Engine\Glitch\src\Glitch\Core\Object.h(24,9): message : see previous definition of 'getPositionY'
D:\Github\jaar 4\SWA\FoxTrot_SA_Engine\Glitch\src\Glitch\Core\Object.cpp(36,42): warning C4273: 'Glitch::Object::setRotation': inconsistent dll linkage
D:\Github\jaar 4\SWA\FoxTrot_SA_Engine\Glitch\src\Glitch\Core\Object.h(26,8): message : see previous definition of 'setRotation'
D:\Github\jaar 4\SWA\FoxTrot_SA_Engine\Glitch\src\Glitch\Core\Object.cpp(37,36): warning C4273: 'Glitch::Object::getRotation': inconsistent dll linkage
D:\Github\jaar 4\SWA\FoxTrot_SA_Engine\Glitch\src\Glitch\Core\Object.h(27,9): message : see previous definition of 'getRotation'
D:\Github\jaar 4\SWA\FoxTrot_SA_Engine\Glitch\src\Glitch\Core\Object.cpp(39,39): warning C4273: 'Glitch::Object::setScale': inconsistent dll linkage
D:\Github\jaar 4\SWA\FoxTrot_SA_Engine\Glitch\src\Glitch\Core\Object.h(29,8): message : see previous definition of 'setScale'
D:\Github\jaar 4\SWA\FoxTrot_SA_Engine\Glitch\src\Glitch\Core\Object.cpp(40,33): warning C4273: 'Glitch::Object::getScale': inconsistent dll linkage
D:\Github\jaar 4\SWA\FoxTrot_SA_Engine\Glitch\src\Glitch\Core\Object.h(30,9): message : see previous definition of 'getScale'
D:\Github\jaar 4\SWA\FoxTrot_SA_Engine\Glitch\src\Glitch\Core\Object.cpp(42,43): warning C4273: 'Glitch::Object::setDirection': inconsistent dll linkage
D:\Github\jaar 4\SWA\FoxTrot_SA_Engine\Glitch\src\Glitch\Core\Object.h(32,8): message : see previous definition of 'setDirection'
D:\Github\jaar 4\SWA\FoxTrot_SA_Engine\Glitch\src\Glitch\Core\Object.cpp(43,37): warning C4273: 'Glitch::Object::getDirection': inconsistent dll linkage
D:\Github\jaar 4\SWA\FoxTrot_SA_Engine\Glitch\src\Glitch\Core\Object.h(33,9): message : see previous definition of 'getDirection'
D:\Github\jaar 4\SWA\FoxTrot_SA_Engine\Glitch\src\Glitch\Core\Object.cpp(45,40): warning C4273: 'Glitch::Object::setHeight': inconsistent dll linkage
D:\Github\jaar 4\SWA\FoxTrot_SA_Engine\Glitch\src\Glitch\Core\Object.h(35,8): message : see previous definition of 'setHeight'
D:\Github\jaar 4\SWA\FoxTrot_SA_Engine\Glitch\src\Glitch\Core\Object.cpp(46,34): warning C4273: 'Glitch::Object::getHeight': inconsistent dll linkage
D:\Github\jaar 4\SWA\FoxTrot_SA_Engine\Glitch\src\Glitch\Core\Object.h(36,9): message : see previous definition of 'getHeight'
D:\Github\jaar 4\SWA\FoxTrot_SA_Engine\Glitch\src\Glitch\Core\Object.cpp(48,39): warning C4273: 'Glitch::Object::setWidth': inconsistent dll linkage
D:\Github\jaar 4\SWA\FoxTrot_SA_Engine\Glitch\src\Glitch\Core\Object.h(38,8): message : see previous definition of 'setWidth'
D:\Github\jaar 4\SWA\FoxTrot_SA_Engine\Glitch\src\Glitch\Core\Object.cpp(49,33): warning C4273: 'Glitch::Object::getWidth': inconsistent dll linkage
D:\Github\jaar 4\SWA\FoxTrot_SA_Engine\Glitch\src\Glitch\Core\Object.h(39,9): message : see previous definition of 'getWidth'
D:\Github\jaar 4\SWA\FoxTrot_SA_Engine\Glitch\src\Glitch\Core\Object.cpp(51,39): warning C4273: 'Glitch::Object::setStatic': inconsistent dll linkage
D:\Github\jaar 4\SWA\FoxTrot_SA_Engine\Glitch\src\Glitch\Core\Object.h(41,8): message : see previous definition of 'setStatic'
D:\Github\jaar 4\SWA\FoxTrot_SA_Engine\Glitch\src\Glitch\Core\Object.cpp(52,33): warning C4273: 'Glitch::Object::getStatic': inconsistent dll linkage
D:\Github\jaar 4\SWA\FoxTrot_SA_Engine\Glitch\src\Glitch\Core\Object.h(42,8): message : see previous definition of 'getStatic'
D:\Github\jaar 4\SWA\FoxTrot_SA_Engine\Glitch\src\Glitch\Core\Object.cpp(54,39): warning C4273: 'Glitch::Object::getRestitution': inconsistent dll linkage
D:\Github\jaar 4\SWA\FoxTrot_SA_Engine\Glitch\src\Glitch\Core\Object.h(45,9): message : see previous definition of 'getRestitution'
D:\Github\jaar 4\SWA\FoxTrot_SA_Engine\Glitch\src\Glitch\Core\Object.cpp(55,47): warning C4273: 'Glitch::Object::setRestitution': inconsistent dll linkage
D:\Github\jaar 4\SWA\FoxTrot_SA_Engine\Glitch\src\Glitch\Core\Object.h(44,8): message : see previous definition of 'setRestitution'
D:\Github\jaar 4\SWA\FoxTrot_SA_Engine\Glitch\src\Glitch\Core\Object.cpp(57,36): warning C4273: 'Glitch::Object::getFriction': inconsistent dll linkage
D:\Github\jaar 4\SWA\FoxTrot_SA_Engine\Glitch\src\Glitch\Core\Object.h(48,9): message : see previous definition of 'getFriction'
D:\Github\jaar 4\SWA\FoxTrot_SA_Engine\Glitch\src\Glitch\Core\Object.cpp(58,44): warning C4273: 'Glitch::Object::setFriction': inconsistent dll linkage
D:\Github\jaar 4\SWA\FoxTrot_SA_Engine\Glitch\src\Glitch\Core\Object.h(47,8): message : see previous definition of 'setFriction'
D:\Github\jaar 4\SWA\FoxTrot_SA_Engine\Glitch\src\Glitch\Core\Object.cpp(60,35): warning C4273: 'Glitch::Object::getDensity': inconsistent dll linkage
D:\Github\jaar 4\SWA\FoxTrot_SA_Engine\Glitch\src\Glitch\Core\Object.h(51,9): message : see previous definition of 'getDensity'
D:\Github\jaar 4\SWA\FoxTrot_SA_Engine\Glitch\src\Glitch\Core\Object.cpp(61,43): warning C4273: 'Glitch::Object::setDensity': inconsistent dll linkage
D:\Github\jaar 4\SWA\FoxTrot_SA_Engine\Glitch\src\Glitch\Core\Object.h(50,8): message : see previous definition of 'setDensity'
D:\Github\jaar 4\SWA\FoxTrot_SA_Engine\Glitch\src\Glitch\Core\Object.cpp(63,33): warning C4273: 'Glitch::Object::getSpeed': inconsistent dll linkage
D:\Github\jaar 4\SWA\FoxTrot_SA_Engine\Glitch\src\Glitch\Core\Object.h(54,9): message : see previous definition of 'getSpeed'
D:\Github\jaar 4\SWA\FoxTrot_SA_Engine\Glitch\src\Glitch\Core\Object.cpp(64,41): warning C4273: 'Glitch::Object::setSpeed': inconsistent dll linkage
D:\Github\jaar 4\SWA\FoxTrot_SA_Engine\Glitch\src\Glitch\Core\Object.h(53,8): message : see previous definition of 'setSpeed'
D:\Github\jaar 4\SWA\FoxTrot_SA_Engine\Glitch\src\Glitch\Core\Object.cpp(66,38): warning C4273: 'Glitch::Object::getJumpHeight': inconsistent dll linkage
D:\Github\jaar 4\SWA\FoxTrot_SA_Engine\Glitch\src\Glitch\Core\Object.h(57,9): message : see previous definition of 'getJumpHeight'
D:\Github\jaar 4\SWA\FoxTrot_SA_Engine\Glitch\src\Glitch\Core\Object.cpp(67,46): warning C4273: 'Glitch::Object::setJumpHeight': inconsistent dll linkage
D:\Github\jaar 4\SWA\FoxTrot_SA_Engine\Glitch\src\Glitch\Core\Object.h(56,8): message : see previous definition of 'setJumpHeight'
D:\Github\jaar 4\SWA\FoxTrot_SA_Engine\Glitch\src\Glitch\Core\Object.cpp(69,34): warning C4273: 'Glitch::Object::getChanged': inconsistent dll linkage
D:\Github\jaar 4\SWA\FoxTrot_SA_Engine\Glitch\src\Glitch\Core\Object.h(59,8): message : see previous definition of 'getChanged'
     Creating library ..\bin\Debug-windows-x86_64\Sandbox\Sandbox.lib and object ..\bin\Debug-windows-x86_64\Sandbox\Sandbox.exp
  Sandbox.vcxproj -> D:\Github\jaar 4\SWA\FoxTrot_SA_Engine\Sandbox\..\bin\Debug-windows-x86_64\Sandbox\Sandbox.exe
