d:\github\jaar 4\swa\foxtrot_sa_engine\bin-int\debug-windows-x86_64\glitch\glitch.pch
d:\github\jaar 4\swa\foxtrot_sa_engine\bin-int\debug-windows-x86_64\glitch\vc142.pdb
d:\github\jaar 4\swa\foxtrot_sa_engine\bin-int\debug-windows-x86_64\glitch\vc142.idb
d:\github\jaar 4\swa\foxtrot_sa_engine\bin-int\debug-windows-x86_64\glitch\glpch.obj
d:\github\jaar 4\swa\foxtrot_sa_engine\bin-int\debug-windows-x86_64\glitch\windowswindow.obj
d:\github\jaar 4\swa\foxtrot_sa_engine\bin-int\debug-windows-x86_64\glitch\log.obj
d:\github\jaar 4\swa\foxtrot_sa_engine\bin-int\debug-windows-x86_64\glitch\helperfunctions.obj
d:\github\jaar 4\swa\foxtrot_sa_engine\bin-int\debug-windows-x86_64\glitch\application.obj
d:\github\jaar 4\swa\foxtrot_sa_engine\bin-int\debug-windows-x86_64\glitch\soundengine.obj
d:\github\jaar 4\swa\foxtrot_sa_engine\bin-int\debug-windows-x86_64\glitch\scenemanager.obj
d:\github\jaar 4\swa\foxtrot_sa_engine\bin-int\debug-windows-x86_64\glitch\scenemanager+objectmodifiers.obj
d:\github\jaar 4\swa\foxtrot_sa_engine\bin-int\debug-windows-x86_64\glitch\scene.obj
d:\github\jaar 4\swa\foxtrot_sa_engine\bin-int\debug-windows-x86_64\glitch\renderer2d.obj
d:\github\jaar 4\swa\foxtrot_sa_engine\bin-int\debug-windows-x86_64\glitch\physicsfacade.obj
d:\github\jaar 4\swa\foxtrot_sa_engine\bin-int\debug-windows-x86_64\glitch\physicsengine.obj
d:\github\jaar 4\swa\foxtrot_sa_engine\bin-int\debug-windows-x86_64\glitch\physicsbody.obj
d:\github\jaar 4\swa\foxtrot_sa_engine\bin-int\debug-windows-x86_64\glitch\object.obj
d:\github\jaar 4\swa\foxtrot_sa_engine\bin-int\debug-windows-x86_64\glitch\sdl2facade.obj
d:\github\jaar 4\swa\foxtrot_sa_engine\bin\debug-windows-x86_64\glitch\glitch.lib
d:\github\jaar 4\swa\foxtrot_sa_engine\bin\debug-windows-x86_64\glitch\glitch.exp
d:\github\jaar 4\swa\foxtrot_sa_engine\glitch\..\bin-int\debug-windows-x86_64\glitch\vcpkg.applocal.log
d:\github\jaar 4\swa\foxtrot_sa_engine\bin\debug-windows-x86_64\glitch\glitch.ilk
d:\github\jaar 4\swa\foxtrot_sa_engine\bin\debug-windows-x86_64\glitch\glitch.dll
d:\github\jaar 4\swa\foxtrot_sa_engine\bin\debug-windows-x86_64\glitch\glitch.pdb
d:\github\jaar 4\swa\foxtrot_sa_engine\glitch\..\bin\debug-windows-x86_64\glitch\glitch.dll
d:\github\jaar 4\swa\foxtrot_sa_engine\bin-int\debug-windows-x86_64\glitch\glitch.tlog\cl.command.1.tlog
d:\github\jaar 4\swa\foxtrot_sa_engine\bin-int\debug-windows-x86_64\glitch\glitch.tlog\cl.read.1.tlog
d:\github\jaar 4\swa\foxtrot_sa_engine\bin-int\debug-windows-x86_64\glitch\glitch.tlog\cl.write.1.tlog
d:\github\jaar 4\swa\foxtrot_sa_engine\bin-int\debug-windows-x86_64\glitch\glitch.tlog\glitch.write.1u.tlog
d:\github\jaar 4\swa\foxtrot_sa_engine\bin-int\debug-windows-x86_64\glitch\glitch.tlog\link.command.1.tlog
d:\github\jaar 4\swa\foxtrot_sa_engine\bin-int\debug-windows-x86_64\glitch\glitch.tlog\link.read.1.tlog
d:\github\jaar 4\swa\foxtrot_sa_engine\bin-int\debug-windows-x86_64\glitch\glitch.tlog\link.write.1.tlog
